[2025-05-08 00:53:28] oussema@neffati.com - Login FAILURE: Identifiants incorrects
[2025-05-08 00:53:52]  - Login FAILURE: Identifiants incorrects
[2025-05-08 02:19:27] oussemaneffati@gmail.com - Login FAILURE: Identifiants incorrects
[2025-05-08 02:19:38] oussemaneffati@gmail.com - Login FAILURE: Identifiants incorrects
[2025-05-08 02:27:30] admin@mairie.tn - Login SUCCESS: Connexion administrateur
[2025-05-08 02:27:41] admin@mairie.tn - Login SUCCESS: Connexion administrateur
[2025-05-08 02:29:26] admin@mairie.tn - Login SUCCESS: Connexion administrateur
[2025-05-08 02:32:39] admin@mairie.tn - Login SUCCESS: Connexion administrateur
[2025-05-08 02:37:12] oussemaneffati@gmail.com - Login FAILURE: Identifiants incorrects
[2025-05-08 02:37:21] oussemaneffati@gmail.com - Login FAILURE: Identifiants incorrects
[2025-05-08 02:48:29] admin@mairie.tn - Login SUCCESS: Connexion administrateur
[2025-05-08 03:16:03] admin@mairie.tn - Login SUCCESS: Connexion administrateur
[2025-05-08 03:36:51] admin@mairie.tn - Login SUCCESS: Connexion administrateur
[2025-05-08 03:56:30] oussema@esprit.tn - Login SUCCESS: Connexion CITOYEN
[2025-05-08 03:56:33] oussema@esprit.tn - Login SUCCESS: Connexion CITOYEN
[2025-05-08 03:56:42] oussema@esprit.tn - Login SUCCESS: Connexion CITOYEN
[2025-05-08 03:56:42] oussema@esprit.tn - Login SUCCESS: Connexion CITOYEN
[2025-05-08 03:56:42] oussema@esprit.tn - Login SUCCESS: Connexion CITOYEN
[2025-05-08 03:56:50] oussema@esprit.tn - Login SUCCESS: Connexion CITOYEN
[2025-05-08 03:56:57] oussema@esprit.tn - Login SUCCESS: Connexion CITOYEN
[2025-05-08 03:56:58] oussema@esprit.tn - Login SUCCESS: Connexion CITOYEN
[2025-05-08 03:57:04] oussema@esprit.tn - Login FAILURE: Identifiants incorrects
[2025-05-08 03:57:12] oussema@esprit.tn - Login SUCCESS: Connexion CITOYEN
[2025-05-08 04:04:36] oussema@esprit.tn - Login SUCCESS: Connexion CITOYEN
[2025-05-08 04:06:21] oussema@esprit.tn - Login FAILURE: Identifiants incorrects
[2025-05-08 04:06:32] oussema@esprit.tn - Login SUCCESS: Connexion CITOYEN
[2025-05-08 04:07:01] oussema@esprit.tn - Login SUCCESS: Connexion CITOYEN
[2025-05-08 04:24:31] oussema@esprit.tn - Login SUCCESS: Connexion CITOYEN
[2025-05-08 04:26:52] oussema@esprit.tn - Login SUCCESS: Connexion CITOYEN
[2025-05-08 04:29:45] ali@emp.tn - Login FAILURE: Identifiants incorrects
[2025-05-08 04:30:00] ali@emp.tn - Login FAILURE: Identifiants incorrects
[2025-05-08 09:29:15] oussema - Login FAILURE: Identifiants incorrects
[2025-05-08 09:31:08] oussema@esprit.tn - Login SUCCESS: Connexion CITOYEN
[2025-05-08 13:36:20] oussema@esprit.tn - Login SUCCESS: Connexion CITOYEN
[2025-05-08 14:17:10] oussema@esprit.tn - Login SUCCESS: Connexion CITOYEN
[2025-05-08 15:06:14] oihlj - Login FAILURE: Identifiants incorrects
[2025-05-08 15:15:08] oussema@esprit.tn - Login FAILURE: Identifiants incorrects
[2025-05-08 15:15:20] oussema@esprit.tn - Login SUCCESS: Connexion CITOYEN
[2025-05-08 18:25:29] admin@mairie.tn - Login SUCCESS: Connexion administrateur
[2025-05-08 18:33:03] admin@mairie.tn - Login SUCCESS: Connexion administrateur
[2025-05-08 18:33:22] admin@mairie.tn - Login SUCCESS: Connexion administrateur
[2025-05-08 18:43:52] admin@mairie.tn - Login SUCCESS: Connexion administrateur
[2025-05-08 18:45:25] oussema@esprit.tn - Login FAILURE: Compte inactif
[2025-05-08 19:31:57] admin@mairie.tn - Login SUCCESS: Connexion administrateur
[2025-05-10 13:18:57] oussema@esprit.tn - Login SUCCESS: Connexion CITOYEN
[2025-05-10 18:35:20] hamdi.jaza.23@gmail.cpm - Login SUCCESS: Connexion CITOYEN
[2025-05-10 18:56:49] hamdi.jaza.23@gmail.cpm - Login SUCCESS: Connexion CITOYEN
[2025-05-10 19:09:07] hamdi.jaza.23@gmail.cpm - Login SUCCESS: Connexion CITOYEN
[2025-05-10 19:16:14] hamdi.jaza.23@gmail.cpm - Login SUCCESS: Connexion CITOYEN
[2025-05-10 19:21:36] hamdi.jaza.23@gmail.cpm - Login SUCCESS: Connexion CITOYEN
[2025-05-10 20:07:20] hamdi.jaza.23@gmail.cpm - Login SUCCESS: Connexion CITOYEN
[2025-05-10 20:34:52] hamdi.jaza.23@gmail.cpm - Login SUCCESS: Connexion CITOYEN
[2025-05-10 20:44:56] hamdi.jaza.23@gmail.cpm - Login SUCCESS: Connexion CITOYEN
[2025-05-10 20:55:19] hamdi.jaza.23@gmail.cpm - Login SUCCESS: Connexion CITOYEN
[2025-05-10 20:56:01] hamdi.jaza.23@gmail.cpm - Login SUCCESS: Connexion CITOYEN
[2025-05-10 22:27:09] hamdi.jaza.23@gmail.cpm - Login SUCCESS: Connexion CITOYEN
[2025-05-11 03:12:16] hamdi.jaza.23@gmail.cpm - Login SUCCESS: Connexion CITOYEN
[2025-05-11 03:17:25] ali@gmail.com - Login SUCCESS: Connexion EMPLOYE
[2025-05-11 03:37:49] ali@gmail.com - Login SUCCESS: Connexion EMPLOYE
[2025-05-11 03:37:54] ali@gmail.com - Login SUCCESS: Connexion EMPLOYE
[2025-05-11 03:37:54] ali@gmail.com - Login SUCCESS: Connexion EMPLOYE
[2025-05-11 03:37:56] ali@gmail.com - Login SUCCESS: Connexion EMPLOYE
[2025-05-11 03:37:56] ali@gmail.com - Login SUCCESS: Connexion EMPLOYE
[2025-05-11 03:38:26] ali@gmail.com - Login SUCCESS: Connexion EMPLOYE
[2025-05-11 03:40:36] ali@gmail.com - Login SUCCESS: Connexion EMPLOYE
[2025-05-11 03:42:01] ali@gmail.com - Login SUCCESS: Connexion EMPLOYE
[2025-05-11 03:42:49] ali@gmail.com - Login SUCCESS: Connexion EMPLOYE
[2025-05-11 03:59:18] ali@gmail.com - Login FAILURE: Identifiants incorrects
[2025-05-11 03:59:29] ali@gmail.com - Login SUCCESS: Connexion EMPLOYE
[2025-05-11 10:05:44] ali@gmail.com - Login SUCCESS: Connexion EMPLOYE
[2025-05-11 10:23:26] ali@gmail.com - Login SUCCESS: Connexion EMPLOYE
[2025-05-11 10:25:47] ali@gmail.com - Login SUCCESS: Connexion EMPLOYE
[2025-05-11 10:42:15] ali@gmail.com - Login SUCCESS: Connexion EMPLOYE
[2025-05-11 10:50:21] ali@gmail.com - Login SUCCESS: Connexion EMPLOYE
[2025-05-11 10:53:39] hamdi@esprit.tn - Login SUCCESS: Connexion CITOYEN
[2025-05-11 10:55:14] hamdi@esprit.tn - Login SUCCESS: Connexion CITOYEN
[2025-05-11 11:19:27] hamdi@esprit.tn - Login SUCCESS: Connexion CITOYEN
[2025-05-11 11:21:14] hamdi@esprit.tn - Login SUCCESS: Connexion CITOYEN
[2025-05-11 11:37:28] hamdi@esprit.tn - Login SUCCESS: Connexion CITOYEN
[2025-05-11 11:40:12] hamdi@esprit.tn - Login SUCCESS: Connexion CITOYEN
[2025-05-11 11:51:18] hamdi.hamdi@gmail.com - Login FAILURE: Identifiants incorrects
[2025-05-11 11:51:38] hamdi.hamdi@gmeil.com - Login FAILURE: Identifiants incorrects
[2025-05-11 11:51:48] hamdi.hamdi@gmeil.com - Login SUCCESS: Connexion CITOYEN
[2025-05-11 13:01:32] hamdi.hamdi@gmeil.com - Login SUCCESS: Connexion CITOYEN
[2025-05-11 14:35:32] hamdi@esprit.tn - Login SUCCESS: Connexion CITOYEN
[2025-05-11 16:48:23] ali@gmail.com - Login SUCCESS: Connexion EMPLOYE
[2025-05-11 16:50:04] ali@gmail.com - Login SUCCESS: Connexion EMPLOYE
[2025-05-11 17:14:11] ali@gmail.com - Login SUCCESS: Connexion EMPLOYE
[2025-05-11 18:50:31] ali@gmail.com - Login SUCCESS: Connexion EMPLOYE
[2025-05-11 18:53:24] ali@gmail.com - Login SUCCESS: Connexion EMPLOYE
[2025-05-11 18:54:03] ali@gmail.com - Login SUCCESS: Connexion EMPLOYE
[2025-05-11 21:40:26] ali@gmail.com - Login SUCCESS: Connexion EMPLOYE
[2025-05-11 21:55:03] saka@arsenal.en - Login SUCCESS: Connexion EMPLOYE
[2025-05-11 21:55:52] saka@arsenal.en - Login SUCCESS: Connexion EMPLOYE
[2025-05-11 21:56:53] saka@arsenal.en - Login SUCCESS: Connexion EMPLOYE
[2025-05-11 22:02:33] saka@arsenal.en - Login SUCCESS: Connexion EMPLOYE
[2025-05-11 22:05:17] saka@arsenal.en - Login SUCCESS: Connexion EMPLOYE
[2025-05-11 22:06:00] saka@arsenal.en - Login SUCCESS: Connexion EMPLOYE
[2025-05-11 22:08:20] saka@arsenal.en - Login SUCCESS: Connexion EMPLOYE
[2025-05-11 22:08:23] saka@arsenal.en - Login SUCCESS: Connexion EMPLOYE
[2025-05-11 22:12:07] saka@arsenal.en - Login SUCCESS: Connexion EMPLOYE
[2025-05-11 22:15:24] saka@arsenal.en - Login SUCCESS: Connexion EMPLOYE
[2025-05-11 22:19:12] saka@arsenal.en - Login SUCCESS: Connexion EMPLOYE
